La génération a démarré 17/04/2013 21:23:34.
     1>Projet "C:\DEVEL\exdl-1.12.0826\priv\exdl_driver.vcxproj" sur le nœud 2 (build cible(s)).
     1>InitializeBuildStatus:
         Mise à jour de l'horodatage "Debug\exdl_driver.unsuccessfulbuild".
       ClCompile:
         C:\Program Files (x86)\Microsoft Visual Studio 10.0\VC\bin\CL.exe /c /ZI /nologo /W4 /WX- /Od /Oy- /D WIN32 /D __WIN32__ /D SDL_DRIVER_EXPORTS /D _DEBUG /D _WINDOWS /D _USRDLL /D EXDL_DRIVER_EXPORTS /D _WINDLL /D _UNICODE /D UNICODE /Gm /EHsc /RTC1 /MDd /GS /fp:precise /Zc:wchar_t /Zc:forScope /Fo"Debug\\" /Fd"Debug\vc100.pdb" /Gd /TC /analyze- /errorReport:prompt src\exdl_active.c src\exdl_al.c src\exdl_alc.c src\exdl_alext.c src\exdl_alut.c src\exdl_audio.c src\exdl_cdrom.c src\exdl_de.c src\exdl_driver.c src\exdl_error.c src\exdl_events.c src\exdl_gen.c src\exdl_gfx.c src\exdl_gl.c src\exdl_glcorearb.c src\exdl_glext.c src\exdl_glu.c src\exdl_glut.c src\exdl_glxext.c src\exdl_image.c src\exdl_joystick.c src\exdl_keyboard.c src\exdl_mixer.c src\exdl_mouse.c src\exdl_net.c src\exdl_oglblit.c src\exdl_pal.c src\exdl_rtf.c src\exdl_sfml.c src\exdl_spec.c src\exdl_svg.c src\exdl_thread.c src\exdl_ttf.c src\exdl_util.c src\exdl_video.c src\exdl_vnc.c src\exdl_wrapper.c
         exdl_wrapper.c
     1>c:\devel\exdl-1.12.0826\priv\src\exdl_video_fp.h(45): error C2065: 'SDL_ConvertSurface_ENUM' : identificateur non déclaré
     1>c:\devel\exdl-1.12.0826\priv\src\exdl_video_fp.h(45): error C2099: l'initialiseur n'est pas une constante
     1>c:\devel\exdl-1.12.0826\priv\src\exdl_video_fp.h(72): error C2065: 'SDL_GetWMInfo_ENUM' : identificateur non déclaré
     1>c:\devel\exdl-1.12.0826\priv\src\exdl_video_fp.h(72): error C2099: l'initialiseur n'est pas une constante
     1>c:\devel\exdl-1.12.0826\priv\src\exdl_wrapper.c(69): warning C4245: '=' : conversion de 'int' en 'ErlDrvSizeT', incompatibilité signed/unsigned
     1>c:\devel\exdl-1.12.0826\priv\src\exdl_wrapper.c(75): warning C4245: '=' : conversion de 'int' en 'ErlDrvSizeT', incompatibilité signed/unsigned
         exdl_vnc.c
         exdl_video.c
     1>c:\devel\exdl-1.12.0826\priv\src\exdl_video.c(31): warning C4200: extension non standard utilisée : tableau de taille zéro dans un struct/union
     1>c:\devel\exdl-1.12.0826\priv\src\exdl_video.c(21): warning C4100: 'len' : paramètre formel non référencé
     1>c:\devel\exdl-1.12.0826\priv\src\exdl_video.c(44): warning C4100: 'buff' : paramètre formel non référencé
     1>c:\devel\exdl-1.12.0826\priv\src\exdl_video.c(44): warning C4100: 'len' : paramètre formel non référencé
     1>c:\devel\exdl-1.12.0826\priv\src\exdl_video.c(44): warning C4100: 'sd' : paramètre formel non référencé
     1>c:\devel\exdl-1.12.0826\priv\src\exdl_video.c(74): warning C4996: 'strcpy': This function or variable may be unsafe. Consider using strcpy_s instead. To disable deprecation, use _CRT_SECURE_NO_WARNINGS. See online help for details.
                 c:\program files (x86)\microsoft visual studio 10.0\vc\include\string.h(105) : voir la déclaration de 'strcpy'
     1>c:\devel\exdl-1.12.0826\priv\src\exdl_video.c(57): warning C4100: 'len' : paramètre formel non référencé
     1>c:\devel\exdl-1.12.0826\priv\src\exdl_video.c(77): warning C4100: 'len' : paramètre formel non référencé
     1>c:\devel\exdl-1.12.0826\priv\src\exdl_video.c(94): warning C4100: 'len' : paramètre formel non référencé
     1>c:\devel\exdl-1.12.0826\priv\src\exdl_video.c(115): warning C4100: 'len' : paramètre formel non référencé
     1>c:\devel\exdl-1.12.0826\priv\src\exdl_video.c(155): warning C4200: extension non standard utilisée : tableau de taille zéro dans un struct/union
     1>c:\devel\exdl-1.12.0826\priv\src\exdl_video.c(186): warning C4200: extension non standard utilisée : tableau de taille zéro dans un struct/union
     1>c:\devel\exdl-1.12.0826\priv\src\exdl_video.c(142): warning C4100: 'len' : paramètre formel non référencé
     1>c:\devel\exdl-1.12.0826\priv\src\exdl_video.c(204): warning C4100: 'len' : paramètre formel non référencé
     1>c:\devel\exdl-1.12.0826\priv\src\exdl_video.c(249): warning C4201: extension non standard utilisée : struct/union sans nom
     1>c:\devel\exdl-1.12.0826\priv\src\exdl_video.c(251): warning C4200: extension non standard utilisée : tableau de taille zéro dans un struct/union
     1>c:\devel\exdl-1.12.0826\priv\src\exdl_video.c(240): warning C4100: 'len' : paramètre formel non référencé
     1>c:\devel\exdl-1.12.0826\priv\src\exdl_video.c(240): warning C4100: 'sd' : paramètre formel non référencé
     1>c:\devel\exdl-1.12.0826\priv\src\exdl_video.c(270): warning C4201: extension non standard utilisée : struct/union sans nom
     1>c:\devel\exdl-1.12.0826\priv\src\exdl_video.c(261): warning C4100: 'len' : paramètre formel non référencé
     1>c:\devel\exdl-1.12.0826\priv\src\exdl_video.c(261): warning C4100: 'sd' : paramètre formel non référencé
     1>c:\devel\exdl-1.12.0826\priv\src\exdl_video.c(295): warning C4200: extension non standard utilisée : tableau de taille zéro dans un struct/union
     1>c:\devel\exdl-1.12.0826\priv\src\exdl_video.c(286): warning C4100: 'len' : paramètre formel non référencé
     1>c:\devel\exdl-1.12.0826\priv\src\exdl_video.c(307): warning C4100: 'len' : paramètre formel non référencé
     1>c:\devel\exdl-1.12.0826\priv\src\exdl_video.c(332): warning C4100: 'len' : paramètre formel non référencé
     1>c:\devel\exdl-1.12.0826\priv\src\exdl_video.c(357): warning C4100: 'len' : paramètre formel non référencé
     1>c:\devel\exdl-1.12.0826\priv\src\exdl_video.c(392): warning C4201: extension non standard utilisée : struct/union sans nom
     1>c:\devel\exdl-1.12.0826\priv\src\exdl_video.c(395): warning C4200: extension non standard utilisée : tableau de taille zéro dans un struct/union
     1>c:\devel\exdl-1.12.0826\priv\src\exdl_video.c(383): warning C4100: 'len' : paramètre formel non référencé
     1>c:\devel\exdl-1.12.0826\priv\src\exdl_video.c(419): warning C4201: extension non standard utilisée : struct/union sans nom
     1>c:\devel\exdl-1.12.0826\priv\src\exdl_video.c(423): warning C4200: extension non standard utilisée : tableau de taille zéro dans un struct/union
     1>c:\devel\exdl-1.12.0826\priv\src\exdl_video.c(410): warning C4100: 'len' : paramètre formel non référencé
     1>c:\devel\exdl-1.12.0826\priv\src\exdl_video.c(439): warning C4100: 'len' : paramètre formel non référencé
     1>c:\devel\exdl-1.12.0826\priv\src\exdl_video.c(466): warning C4100: 'len' : paramètre formel non référencé
     1>c:\devel\exdl-1.12.0826\priv\src\exdl_video.c(495): warning C4100: 'len' : paramètre formel non référencé
     1>c:\devel\exdl-1.12.0826\priv\src\exdl_video.c(525): warning C4100: 'len' : paramètre formel non référencé
     1>c:\devel\exdl-1.12.0826\priv\src\exdl_video.c(557): warning C4100: 'len' : paramètre formel non référencé
     1>c:\devel\exdl-1.12.0826\priv\src\exdl_video.c(626): warning C4201: extension non standard utilisée : struct/union sans nom
     1>c:\devel\exdl-1.12.0826\priv\src\exdl_video.c(617): warning C4100: 'len' : paramètre formel non référencé
     1>c:\devel\exdl-1.12.0826\priv\src\exdl_video.c(664): warning C4201: extension non standard utilisée : struct/union sans nom
     1>c:\devel\exdl-1.12.0826\priv\src\exdl_video.c(655): warning C4100: 'len' : paramètre formel non référencé
     1>c:\devel\exdl-1.12.0826\priv\src\exdl_video.c(655): warning C4100: 'sd' : paramètre formel non référencé
     1>c:\devel\exdl-1.12.0826\priv\src\exdl_video.c(681): warning C4201: extension non standard utilisée : struct/union sans nom
     1>c:\devel\exdl-1.12.0826\priv\src\exdl_video.c(672): warning C4100: 'len' : paramètre formel non référencé
     1>c:\devel\exdl-1.12.0826\priv\src\exdl_video.c(702): warning C4201: extension non standard utilisée : struct/union sans nom
     1>c:\devel\exdl-1.12.0826\priv\src\exdl_video.c(693): warning C4100: 'len' : paramètre formel non référencé
     1>c:\devel\exdl-1.12.0826\priv\src\exdl_video.c(693): warning C4100: 'sd' : paramètre formel non référencé
     1>c:\devel\exdl-1.12.0826\priv\src\exdl_video.c(719): warning C4201: extension non standard utilisée : struct/union sans nom
     1>c:\devel\exdl-1.12.0826\priv\src\exdl_video.c(710): warning C4100: 'len' : paramètre formel non référencé
     1>c:\devel\exdl-1.12.0826\priv\src\exdl_video.c(736): warning C4200: extension non standard utilisée : tableau de taille zéro dans un struct/union
     1>c:\devel\exdl-1.12.0826\priv\src\exdl_video.c(733): warning C4100: 'len' : paramètre formel non référencé
     1>c:\devel\exdl-1.12.0826\priv\src\exdl_video.c(761): warning C4201: extension non standard utilisée : struct/union sans nom
     1>c:\devel\exdl-1.12.0826\priv\src\exdl_video.c(762): warning C4201: extension non standard utilisée : struct/union sans nom
     1>c:\devel\exdl-1.12.0826\priv\src\exdl_video.c(752): warning C4100: 'len' : paramètre formel non référencé
     1>c:\devel\exdl-1.12.0826\priv\src\exdl_video.c(782): warning C4201: extension non standard utilisée : struct/union sans nom
     1>c:\devel\exdl-1.12.0826\priv\src\exdl_video.c(783): warning C4200: extension non standard utilisée : tableau de taille zéro dans un struct/union
     1>c:\devel\exdl-1.12.0826\priv\src\exdl_video.c(779): warning C4100: 'len' : paramètre formel non référencé
     1>c:\devel\exdl-1.12.0826\priv\src\exdl_video.c(811): warning C4201: extension non standard utilisée : struct/union sans nom
     1>c:\devel\exdl-1.12.0826\priv\src\exdl_video.c(802): warning C4100: 'len' : paramètre formel non référencé
     1>c:\devel\exdl-1.12.0826\priv\src\exdl_video.c(838): warning C4201: extension non standard utilisée : struct/union sans nom
     1>c:\devel\exdl-1.12.0826\priv\src\exdl_video.c(829): warning C4100: 'len' : paramètre formel non référencé
     1>c:\devel\exdl-1.12.0826\priv\src\exdl_video.c(863): warning C4201: extension non standard utilisée : struct/union sans nom
     1>c:\devel\exdl-1.12.0826\priv\src\exdl_video.c(854): warning C4100: 'len' : paramètre formel non référencé
     1>c:\devel\exdl-1.12.0826\priv\src\exdl_video.c(886): warning C4201: extension non standard utilisée : struct/union sans nom
     1>c:\devel\exdl-1.12.0826\priv\src\exdl_video.c(877): warning C4100: 'len' : paramètre formel non référencé
     1>c:\devel\exdl-1.12.0826\priv\src\exdl_video.c(910): warning C4201: extension non standard utilisée : struct/union sans nom
     1>c:\devel\exdl-1.12.0826\priv\src\exdl_video.c(911): warning C4201: extension non standard utilisée : struct/union sans nom
     1>c:\devel\exdl-1.12.0826\priv\src\exdl_video.c(901): warning C4100: 'len' : paramètre formel non référencé
     1>c:\devel\exdl-1.12.0826\priv\src\exdl_video.c(935): warning C4201: extension non standard utilisée : struct/union sans nom
     1>c:\devel\exdl-1.12.0826\priv\src\exdl_video.c(937): warning C4201: extension non standard utilisée : struct/union sans nom
     1>c:\devel\exdl-1.12.0826\priv\src\exdl_video.c(926): warning C4100: 'len' : paramètre formel non référencé
     1>c:\devel\exdl-1.12.0826\priv\src\exdl_video.c(973): warning C4201: extension non standard utilisée : struct/union sans nom
     1>c:\devel\exdl-1.12.0826\priv\src\exdl_video.c(975): warning C4201: extension non standard utilisée : struct/union sans nom
     1>c:\devel\exdl-1.12.0826\priv\src\exdl_video.c(964): warning C4100: 'len' : paramètre formel non référencé
     1>c:\devel\exdl-1.12.0826\priv\src\exdl_video.c(1000): warning C4201: extension non standard utilisée : struct/union sans nom
     1>c:\devel\exdl-1.12.0826\priv\src\exdl_video.c(1002): warning C4200: extension non standard utilisée : tableau de taille zéro dans un struct/union
     1>c:\devel\exdl-1.12.0826\priv\src\exdl_video.c(991): warning C4100: 'len' : paramètre formel non référencé
     1>c:\devel\exdl-1.12.0826\priv\src\exdl_video.c(1016): warning C4100: 'len' : paramètre formel non référencé
     1>c:\devel\exdl-1.12.0826\priv\src\exdl_video.c(1039): warning C4100: 'len' : paramètre formel non référencé
     1>c:\devel\exdl-1.12.0826\priv\src\exdl_video.c(1060): warning C4100: 'len' : paramètre formel non référencé
     1>c:\devel\exdl-1.12.0826\priv\src\exdl_video.c(1087): warning C4100: 'len' : paramètre formel non référencé
     1>c:\devel\exdl-1.12.0826\priv\src\exdl_video.c(1108): warning C4100: 'len' : paramètre formel non référencé
     1>c:\devel\exdl-1.12.0826\priv\src\exdl_video.c(1108): warning C4100: 'sd' : paramètre formel non référencé
     1>c:\devel\exdl-1.12.0826\priv\src\exdl_video.c(1135): warning C4200: extension non standard utilisée : tableau de taille zéro dans un struct/union
     1>c:\devel\exdl-1.12.0826\priv\src\exdl_video.c(1125): warning C4100: 'len' : paramètre formel non référencé
     1>c:\devel\exdl-1.12.0826\priv\src\exdl_video.c(1148): warning C4100: 'len' : paramètre formel non référencé
     1>c:\devel\exdl-1.12.0826\priv\src\exdl_video.c(1148): warning C4100: 'sd' : paramètre formel non référencé
     1>c:\devel\exdl-1.12.0826\priv\src\exdl_video.c(1174): warning C4200: extension non standard utilisée : tableau de taille zéro dans un struct/union
     1>c:\devel\exdl-1.12.0826\priv\src\exdl_video.c(1165): warning C4100: 'len' : paramètre formel non référencé
     1>c:\devel\exdl-1.12.0826\priv\src\exdl_video.c(1195): warning C4200: extension non standard utilisée : tableau de taille zéro dans un struct/union
     1>c:\devel\exdl-1.12.0826\priv\src\exdl_video.c(1186): warning C4100: 'len' : paramètre formel non référencé
     1>c:\devel\exdl-1.12.0826\priv\src\exdl_video.c(1207): warning C4100: 'len' : paramètre formel non référencé
     1>c:\devel\exdl-1.12.0826\priv\src\exdl_video.c(1207): warning C4100: 'sd' : paramètre formel non référencé
     1>c:\devel\exdl-1.12.0826\priv\src\exdl_video.c(1226): warning C4100: 'len' : paramètre formel non référencé
     1>c:\devel\exdl-1.12.0826\priv\src\exdl_video.c(1250): warning C4100: 'len' : paramètre formel non référencé
     1>c:\devel\exdl-1.12.0826\priv\src\exdl_video.c(1280): warning C4200: extension non standard utilisée : tableau de taille zéro dans un struct/union
     1>c:\devel\exdl-1.12.0826\priv\src\exdl_video.c(1270): warning C4100: 'len' : paramètre formel non référencé
     1>c:\devel\exdl-1.12.0826\priv\src\exdl_video.c(1270): warning C4100: 'sd' : paramètre formel non référencé
     1>c:\devel\exdl-1.12.0826\priv\src\exdl_video.c(1289): warning C4100: 'buff' : paramètre formel non référencé
     1>c:\devel\exdl-1.12.0826\priv\src\exdl_video.c(1289): warning C4100: 'len' : paramètre formel non référencé
     1>c:\devel\exdl-1.12.0826\priv\src\exdl_video.c(1289): warning C4100: 'sd' : paramètre formel non référencé
     1>c:\devel\exdl-1.12.0826\priv\src\exdl_video.c(1302): warning C4100: 'buff' : paramètre formel non référencé
     1>c:\devel\exdl-1.12.0826\priv\src\exdl_video.c(1302): warning C4100: 'len' : paramètre formel non référencé
     1>c:\devel\exdl-1.12.0826\priv\src\exdl_video.c(1302): warning C4100: 'sd' : paramètre formel non référencé
     1>c:\devel\exdl-1.12.0826\priv\src\exdl_video.c(1315): warning C4100: 'len' : paramètre formel non référencé
     1>c:\devel\exdl-1.12.0826\priv\src\exdl_video.c(1315): warning C4100: 'sd' : paramètre formel non référencé
     1>c:\devel\exdl-1.12.0826\priv\src\exdl_video.c(1336): warning C4100: 'len' : paramètre formel non référencé
     1>c:\devel\exdl-1.12.0826\priv\src\exdl_video.c(1383): warning C4100: 'len' : paramètre formel non référencé
     1>c:\devel\exdl-1.12.0826\priv\src\exdl_video.c(1383): warning C4100: 'sd' : paramètre formel non référencé
     1>c:\devel\exdl-1.12.0826\priv\src\exdl_video.c(1406): warning C4100: 'len' : paramètre formel non référencé
     1>c:\devel\exdl-1.12.0826\priv\src\exdl_video.c(1423): warning C4100: 'len' : paramètre formel non référencé
     1>c:\devel\exdl-1.12.0826\priv\src\exdl_video.c(1444): warning C4100: 'len' : paramètre formel non référencé
     1>c:\devel\exdl-1.12.0826\priv\src\exdl_video.c(1474): warning C4201: extension non standard utilisée : struct/union sans nom
     1>c:\devel\exdl-1.12.0826\priv\src\exdl_video.c(1475): warning C4201: extension non standard utilisée : struct/union sans nom
     1>c:\devel\exdl-1.12.0826\priv\src\exdl_video.c(1476): warning C4201: extension non standard utilisée : struct/union sans nom
     1>c:\devel\exdl-1.12.0826\priv\src\exdl_video.c(1477): warning C4200: extension non standard utilisée : tableau de taille zéro dans un struct/union
     1>c:\devel\exdl-1.12.0826\priv\src\exdl_video.c(1465): warning C4100: 'len' : paramètre formel non référencé
     1>c:\devel\exdl-1.12.0826\priv\src\exdl_video.c(1494): warning C4100: 'len' : paramètre formel non référencé
     1>c:\devel\exdl-1.12.0826\priv\src\exdl_video.c(1552): warning C4100: 'len' : paramètre formel non référencé
         exdl_util.c
         exdl_ttf.c
         exdl_thread.c
         exdl_svg.c
         exdl_spec.c
     1>c:\devel\exdl-1.12.0826\priv\src\exdl_spec.c(12): warning C4100: 'len' : paramètre formel non référencé
     1>c:\devel\exdl-1.12.0826\priv\src\exdl_spec.c(67): warning C4200: extension non standard utilisée : tableau de taille zéro dans un struct/union
     1>c:\devel\exdl-1.12.0826\priv\src\exdl_spec.c(46): warning C4100: 'len' : paramètre formel non référencé
     1>c:\devel\exdl-1.12.0826\priv\src\exdl_spec.c(81): warning C4100: 'len' : paramètre formel non référencé
     1>c:\devel\exdl-1.12.0826\priv\src\exdl_spec.c(148): warning C4200: extension non standard utilisée : tableau de taille zéro dans un struct/union
     1>c:\devel\exdl-1.12.0826\priv\src\exdl_spec.c(106): warning C4100: 'len' : paramètre formel non référencé
         exdl_sfml.c
         exdl_rtf.c
         exdl_pal.c
         exdl_oglblit.c
         exdl_net.c
         exdl_mouse.c
     1>c:\devel\exdl-1.12.0826\priv\src\exdl_mouse.c(12): warning C4100: 'len' : paramètre formel non référencé
     1>c:\devel\exdl-1.12.0826\priv\src\exdl_mouse.c(37): warning C4100: 'len' : paramètre formel non référencé
     1>c:\devel\exdl-1.12.0826\priv\src\exdl_mouse.c(62): warning C4100: 'len' : paramètre formel non référencé
     1>c:\devel\exdl-1.12.0826\priv\src\exdl_mouse.c(62): warning C4100: 'sd' : paramètre formel non référencé
     1>c:\devel\exdl-1.12.0826\priv\src\exdl_mouse.c(81): warning C4100: 'len' : paramètre formel non référencé
     1>c:\devel\exdl-1.12.0826\priv\src\exdl_mouse.c(123): warning C4200: extension non standard utilisée : tableau de taille zéro dans un struct/union
     1>c:\devel\exdl-1.12.0826\priv\src\exdl_mouse.c(114): warning C4100: 'len' : paramètre formel non référencé
     1>c:\devel\exdl-1.12.0826\priv\src\exdl_mouse.c(114): warning C4100: 'sd' : paramètre formel non référencé
     1>c:\devel\exdl-1.12.0826\priv\src\exdl_mouse.c(131): warning C4100: 'len' : paramètre formel non référencé
     1>c:\devel\exdl-1.12.0826\priv\src\exdl_mouse.c(157): warning C4200: extension non standard utilisée : tableau de taille zéro dans un struct/union
     1>c:\devel\exdl-1.12.0826\priv\src\exdl_mouse.c(148): warning C4100: 'len' : paramètre formel non référencé
     1>c:\devel\exdl-1.12.0826\priv\src\exdl_mouse.c(148): warning C4100: 'sd' : paramètre formel non référencé
     1>c:\devel\exdl-1.12.0826\priv\src\exdl_mouse.c(165): warning C4100: 'len' : paramètre formel non référencé
         exdl_mixer.c
         exdl_keyboard.c
     1>c:\devel\exdl-1.12.0826\priv\src\exdl_keyboard.c(12): warning C4100: 'len' : paramètre formel non référencé
     1>c:\devel\exdl-1.12.0826\priv\src\exdl_keyboard.c(33): warning C4100: 'len' : paramètre formel non référencé
     1>c:\devel\exdl-1.12.0826\priv\src\exdl_keyboard.c(56): warning C4100: 'len' : paramètre formel non référencé
     1>c:\devel\exdl-1.12.0826\priv\src\exdl_keyboard.c(77): warning C4100: 'len' : paramètre formel non référencé
     1>c:\devel\exdl-1.12.0826\priv\src\exdl_keyboard.c(105): warning C4100: 'len' : paramètre formel non référencé
     1>c:\devel\exdl-1.12.0826\priv\src\exdl_keyboard.c(122): warning C4100: 'len' : paramètre formel non référencé
     1>c:\devel\exdl-1.12.0826\priv\src\exdl_keyboard.c(122): warning C4100: 'sd' : paramètre formel non référencé
     1>c:\devel\exdl-1.12.0826\priv\src\exdl_keyboard.c(157): warning C4996: 'strcpy': This function or variable may be unsafe. Consider using strcpy_s instead. To disable deprecation, use _CRT_SECURE_NO_WARNINGS. See online help for details.
                 c:\program files (x86)\microsoft visual studio 10.0\vc\include\string.h(105) : voir la déclaration de 'strcpy'
     1>c:\devel\exdl-1.12.0826\priv\src\exdl_keyboard.c(139): warning C4100: 'len' : paramètre formel non référencé
         exdl_joystick.c
     1>c:\devel\exdl-1.12.0826\priv\src\exdl_joystick.c(14): warning C4100: 'len' : paramètre formel non référencé
     1>c:\devel\exdl-1.12.0826\priv\src\exdl_joystick.c(49): warning C4996: 'strcpy': This function or variable may be unsafe. Consider using strcpy_s instead. To disable deprecation, use _CRT_SECURE_NO_WARNINGS. See online help for details.
                 c:\program files (x86)\microsoft visual studio 10.0\vc\include\string.h(105) : voir la déclaration de 'strcpy'
     1>c:\devel\exdl-1.12.0826\priv\src\exdl_joystick.c(31): warning C4100: 'len' : paramètre formel non référencé
     1>c:\devel\exdl-1.12.0826\priv\src\exdl_joystick.c(52): warning C4100: 'len' : paramètre formel non référencé
     1>c:\devel\exdl-1.12.0826\priv\src\exdl_joystick.c(74): warning C4100: 'len' : paramètre formel non référencé
     1>c:\devel\exdl-1.12.0826\priv\src\exdl_joystick.c(95): warning C4100: 'len' : paramètre formel non référencé
     1>c:\devel\exdl-1.12.0826\priv\src\exdl_joystick.c(116): warning C4100: 'len' : paramètre formel non référencé
     1>c:\devel\exdl-1.12.0826\priv\src\exdl_joystick.c(137): warning C4100: 'len' : paramètre formel non référencé
     1>c:\devel\exdl-1.12.0826\priv\src\exdl_joystick.c(158): warning C4100: 'len' : paramètre formel non référencé
     1>c:\devel\exdl-1.12.0826\priv\src\exdl_joystick.c(179): warning C4100: 'len' : paramètre formel non référencé
     1>c:\devel\exdl-1.12.0826\priv\src\exdl_joystick.c(200): warning C4100: 'buff' : paramètre formel non référencé
     1>c:\devel\exdl-1.12.0826\priv\src\exdl_joystick.c(200): warning C4100: 'len' : paramètre formel non référencé
     1>c:\devel\exdl-1.12.0826\priv\src\exdl_joystick.c(200): warning C4100: 'sd' : paramètre formel non référencé
     1>c:\devel\exdl-1.12.0826\priv\src\exdl_joystick.c(215): warning C4100: 'len' : paramètre formel non référencé
     1>c:\devel\exdl-1.12.0826\priv\src\exdl_joystick.c(251): warning C4201: extension non standard utilisée : struct/union sans nom
     1>c:\devel\exdl-1.12.0826\priv\src\exdl_joystick.c(236): warning C4100: 'len' : paramètre formel non référencé
     1>c:\devel\exdl-1.12.0826\priv\src\exdl_joystick.c(277): warning C4201: extension non standard utilisée : struct/union sans nom
     1>c:\devel\exdl-1.12.0826\priv\src\exdl_joystick.c(265): warning C4100: 'len' : paramètre formel non référencé
     1>c:\devel\exdl-1.12.0826\priv\src\exdl_joystick.c(302): warning C4201: extension non standard utilisée : struct/union sans nom
     1>c:\devel\exdl-1.12.0826\priv\src\exdl_joystick.c(291): warning C4100: 'len' : paramètre formel non référencé
     1>c:\devel\exdl-1.12.0826\priv\src\exdl_joystick.c(335): warning C4201: extension non standard utilisée : struct/union sans nom
     1>c:\devel\exdl-1.12.0826\priv\src\exdl_joystick.c(325): warning C4100: 'len' : paramètre formel non référencé
     1>c:\devel\exdl-1.12.0826\priv\src\exdl_joystick.c(349): warning C4100: 'len' : paramètre formel non référencé
     1>c:\devel\exdl-1.12.0826\priv\src\exdl_joystick.c(349): warning C4100: 'sd' : paramètre formel non référencé
         exdl_image.c
         exdl_glxext.c
         exdl_glut.c
         Génération de code en cours...
     1>c:\devel\exdl-1.12.0826\priv\src\exdl_video.c(187): warning C4701: variable locale 'index' potentiellement non initialisée utilisée
         Compilation en cours...
         exdl_glu.c
         exdl_glext.c
         exdl_glcorearb.c
         exdl_gl.c
         exdl_gfx.c
         exdl_gen.c
     1>c:\devel\exdl-1.12.0826\priv\src\exdl_gen.c(18): warning C4100: 'len' : paramètre formel non référencé
     1>c:\devel\exdl-1.12.0826\priv\src\exdl_gen.c(58): warning C4100: 'len' : paramètre formel non référencé
     1>c:\devel\exdl-1.12.0826\priv\src\exdl_gen.c(79): warning C4100: 'len' : paramètre formel non référencé
     1>c:\devel\exdl-1.12.0826\priv\src\exdl_gen.c(79): warning C4100: 'sd' : paramètre formel non référencé
     1>c:\devel\exdl-1.12.0826\priv\src\exdl_gen.c(96): warning C4100: 'len' : paramètre formel non référencé
     1>c:\devel\exdl-1.12.0826\priv\src\exdl_gen.c(117): warning C4100: 'buff' : paramètre formel non référencé
     1>c:\devel\exdl-1.12.0826\priv\src\exdl_gen.c(117): warning C4100: 'len' : paramètre formel non référencé
     1>c:\devel\exdl-1.12.0826\priv\src\exdl_gen.c(117): warning C4100: 'sd' : paramètre formel non référencé
         exdl_events.c
     1>c:\devel\exdl-1.12.0826\priv\src\exdl_events.c(117): warning C4100: 'buff' : paramètre formel non référencé
     1>c:\devel\exdl-1.12.0826\priv\src\exdl_events.c(117): warning C4100: 'len' : paramètre formel non référencé
     1>c:\devel\exdl-1.12.0826\priv\src\exdl_events.c(117): warning C4100: 'sd' : paramètre formel non référencé
     1>c:\devel\exdl-1.12.0826\priv\src\exdl_events.c(186): warning C4100: 'len' : paramètre formel non référencé
     1>c:\devel\exdl-1.12.0826\priv\src\exdl_events.c(222): warning C4100: 'len' : paramètre formel non référencé
     1>c:\devel\exdl-1.12.0826\priv\src\exdl_events.c(277): warning C4100: 'len' : paramètre formel non référencé
         exdl_error.c
     1>c:\devel\exdl-1.12.0826\priv\src\exdl_error.c(30): warning C4996: 'strcpy': This function or variable may be unsafe. Consider using strcpy_s instead. To disable deprecation, use _CRT_SECURE_NO_WARNINGS. See online help for details.
                 c:\program files (x86)\microsoft visual studio 10.0\vc\include\string.h(105) : voir la déclaration de 'strcpy'
     1>c:\devel\exdl-1.12.0826\priv\src\exdl_error.c(16): warning C4100: 'len' : paramètre formel non référencé
     1>c:\devel\exdl-1.12.0826\priv\src\exdl_error.c(33): warning C4100: 'buff' : paramètre formel non référencé
     1>c:\devel\exdl-1.12.0826\priv\src\exdl_error.c(33): warning C4100: 'len' : paramètre formel non référencé
     1>c:\devel\exdl-1.12.0826\priv\src\exdl_error.c(33): warning C4100: 'sd' : paramètre formel non référencé
         exdl_driver.c
     1>c:\devel\exdl-1.12.0826\priv\src\exdl_driver.c(43): warning C4100: 'buff' : paramètre formel non référencé
     1>c:\devel\exdl-1.12.0826\priv\src\exdl_driver.c(83): warning C4189: 'test_frame' : variable locale initialisée mais non référencée
     1>c:\devel\exdl-1.12.0826\priv\src\exdl_driver.c(162): warning C4133: 'fonction' : types incompatibles - de 'char [11]' à 'LPCWSTR'
     1>c:\devel\exdl-1.12.0826\priv\src\exdl_driver.c(189): warning C4100: 'res_size' : paramètre formel non référencé
     1>c:\devel\exdl-1.12.0826\priv\src\exdl_driver.c(222): warning C4100: 'res_size' : paramètre formel non référencé
     1>c:\devel\exdl-1.12.0826\priv\src\exdl_driver.c(406): warning C4100: 'len' : paramètre formel non référencé
     1>c:\devel\exdl-1.12.0826\priv\src\exdl_driver.c(406): warning C4100: 'sd' : paramètre formel non référencé
         exdl_de.c
         exdl_cdrom.c
     1>c:\devel\exdl-1.12.0826\priv\src\exdl_cdrom.c(12): warning C4100: 'len' : paramètre formel non référencé
     1>c:\devel\exdl-1.12.0826\priv\src\exdl_cdrom.c(47): warning C4996: 'strcpy': This function or variable may be unsafe. Consider using strcpy_s instead. To disable deprecation, use _CRT_SECURE_NO_WARNINGS. See online help for details.
                 c:\program files (x86)\microsoft visual studio 10.0\vc\include\string.h(105) : voir la déclaration de 'strcpy'
     1>c:\devel\exdl-1.12.0826\priv\src\exdl_cdrom.c(29): warning C4100: 'len' : paramètre formel non référencé
     1>c:\devel\exdl-1.12.0826\priv\src\exdl_cdrom.c(50): warning C4100: 'len' : paramètre formel non référencé
     1>c:\devel\exdl-1.12.0826\priv\src\exdl_cdrom.c(80): warning C4200: extension non standard utilisée : tableau de taille zéro dans un struct/union
     1>c:\devel\exdl-1.12.0826\priv\src\exdl_cdrom.c(71): warning C4100: 'len' : paramètre formel non référencé
     1>c:\devel\exdl-1.12.0826\priv\src\exdl_cdrom.c(101): warning C4201: extension non standard utilisée : struct/union sans nom
     1>c:\devel\exdl-1.12.0826\priv\src\exdl_cdrom.c(92): warning C4100: 'len' : paramètre formel non référencé
     1>c:\devel\exdl-1.12.0826\priv\src\exdl_cdrom.c(130): warning C4201: extension non standard utilisée : struct/union sans nom
     1>c:\devel\exdl-1.12.0826\priv\src\exdl_cdrom.c(121): warning C4100: 'len' : paramètre formel non référencé
     1>c:\devel\exdl-1.12.0826\priv\src\exdl_cdrom.c(155): warning C4200: extension non standard utilisée : tableau de taille zéro dans un struct/union
     1>c:\devel\exdl-1.12.0826\priv\src\exdl_cdrom.c(146): warning C4100: 'len' : paramètre formel non référencé
     1>c:\devel\exdl-1.12.0826\priv\src\exdl_cdrom.c(176): warning C4200: extension non standard utilisée : tableau de taille zéro dans un struct/union
     1>c:\devel\exdl-1.12.0826\priv\src\exdl_cdrom.c(167): warning C4100: 'len' : paramètre formel non référencé
     1>c:\devel\exdl-1.12.0826\priv\src\exdl_cdrom.c(197): warning C4200: extension non standard utilisée : tableau de taille zéro dans un struct/union
     1>c:\devel\exdl-1.12.0826\priv\src\exdl_cdrom.c(188): warning C4100: 'len' : paramètre formel non référencé
     1>c:\devel\exdl-1.12.0826\priv\src\exdl_cdrom.c(218): warning C4200: extension non standard utilisée : tableau de taille zéro dans un struct/union
     1>c:\devel\exdl-1.12.0826\priv\src\exdl_cdrom.c(209): warning C4100: 'len' : paramètre formel non référencé
     1>c:\devel\exdl-1.12.0826\priv\src\exdl_cdrom.c(239): warning C4200: extension non standard utilisée : tableau de taille zéro dans un struct/union
     1>c:\devel\exdl-1.12.0826\priv\src\exdl_cdrom.c(230): warning C4100: 'len' : paramètre formel non référencé
     1>c:\devel\exdl-1.12.0826\priv\src\exdl_cdrom.c(230): warning C4100: 'sd' : paramètre formel non référencé
         exdl_audio.c
     1>c:\devel\exdl-1.12.0826\priv\src\exdl_audio.c(23): warning C4100: 'len' : paramètre formel non référencé
     1>c:\devel\exdl-1.12.0826\priv\src\exdl_audio.c(47): warning C4100: 'mydata' : paramètre formel non référencé
     1>c:\devel\exdl-1.12.0826\priv\src\exdl_audio.c(169): warning C4200: extension non standard utilisée : tableau de taille zéro dans un struct/union
     1>c:\devel\exdl-1.12.0826\priv\src\exdl_audio.c(160): warning C4100: 'len' : paramètre formel non référencé
     1>c:\devel\exdl-1.12.0826\priv\src\exdl_audio.c(181): warning C4100: 'buff' : paramètre formel non référencé
     1>c:\devel\exdl-1.12.0826\priv\src\exdl_audio.c(181): warning C4100: 'len' : paramètre formel non référencé
     1>c:\devel\exdl-1.12.0826\priv\src\exdl_audio.c(181): warning C4100: 'sd' : paramètre formel non référencé
     1>c:\devel\exdl-1.12.0826\priv\src\exdl_audio.c(211): warning C4996: 'strcpy': This function or variable may be unsafe. Consider using strcpy_s instead. To disable deprecation, use _CRT_SECURE_NO_WARNINGS. See online help for details.
                 c:\program files (x86)\microsoft visual studio 10.0\vc\include\string.h(105) : voir la déclaration de 'strcpy'
     1>c:\devel\exdl-1.12.0826\priv\src\exdl_audio.c(194): warning C4100: 'len' : paramètre formel non référencé
     1>c:\devel\exdl-1.12.0826\priv\src\exdl_audio.c(214): warning C4100: 'len' : paramètre formel non référencé
     1>c:\devel\exdl-1.12.0826\priv\src\exdl_audio.c(271): warning C4100: 'len' : paramètre formel non référencé
     1>c:\devel\exdl-1.12.0826\priv\src\exdl_audio.c(288): warning C4100: 'len' : paramètre formel non référencé
     1>c:\devel\exdl-1.12.0826\priv\src\exdl_audio.c(288): warning C4100: 'sd' : paramètre formel non référencé
     1>c:\devel\exdl-1.12.0826\priv\src\exdl_audio.c(305): warning C4100: 'len' : paramètre formel non référencé
     1>c:\devel\exdl-1.12.0826\priv\src\exdl_audio.c(351): warning C4200: extension non standard utilisée : tableau de taille zéro dans un struct/union
     1>c:\devel\exdl-1.12.0826\priv\src\exdl_audio.c(342): warning C4100: 'len' : paramètre formel non référencé
     1>c:\devel\exdl-1.12.0826\priv\src\exdl_audio.c(342): warning C4100: 'sd' : paramètre formel non référencé
     1>c:\devel\exdl-1.12.0826\priv\src\exdl_audio.c(359): warning C4100: 'len' : paramètre formel non référencé
     1>c:\devel\exdl-1.12.0826\priv\src\exdl_audio.c(392): warning C4100: 'len' : paramètre formel non référencé
     1>c:\devel\exdl-1.12.0826\priv\src\exdl_audio.c(469): warning C4201: extension non standard utilisée : struct/union sans nom
     1>c:\devel\exdl-1.12.0826\priv\src\exdl_audio.c(470): warning C4201: extension non standard utilisée : struct/union sans nom
     1>c:\devel\exdl-1.12.0826\priv\src\exdl_audio.c(460): warning C4100: 'len' : paramètre formel non référencé
     1>c:\devel\exdl-1.12.0826\priv\src\exdl_audio.c(460): warning C4100: 'sd' : paramètre formel non référencé
     1>c:\devel\exdl-1.12.0826\priv\src\exdl_audio.c(483): warning C4100: 'buff' : paramètre formel non référencé
     1>c:\devel\exdl-1.12.0826\priv\src\exdl_audio.c(483): warning C4100: 'len' : paramètre formel non référencé
     1>c:\devel\exdl-1.12.0826\priv\src\exdl_audio.c(483): warning C4100: 'sd' : paramètre formel non référencé
     1>c:\devel\exdl-1.12.0826\priv\src\exdl_audio.c(496): warning C4100: 'buff' : paramètre formel non référencé
     1>c:\devel\exdl-1.12.0826\priv\src\exdl_audio.c(496): warning C4100: 'len' : paramètre formel non référencé
     1>c:\devel\exdl-1.12.0826\priv\src\exdl_audio.c(496): warning C4100: 'sd' : paramètre formel non référencé
     1>c:\devel\exdl-1.12.0826\priv\src\exdl_audio.c(509): warning C4100: 'buff' : paramètre formel non référencé
     1>c:\devel\exdl-1.12.0826\priv\src\exdl_audio.c(509): warning C4100: 'len' : paramètre formel non référencé
     1>c:\devel\exdl-1.12.0826\priv\src\exdl_audio.c(509): warning C4100: 'sd' : paramètre formel non référencé
         exdl_alut.c
         exdl_alext.c
         exdl_alc.c
         exdl_al.c
         exdl_active.c
     1>c:\devel\exdl-1.12.0826\priv\src\exdl_active.c(12): warning C4100: 'len' : paramètre formel non référencé
         Génération de code en cours...
     1>Génération du projet "C:\DEVEL\exdl-1.12.0826\priv\exdl_driver.vcxproj" terminée (build cible(s)) -- ÉCHEC.

ÉCHEC de la build.

Temps écoulé 00:00:24.86
